SQL> 
SQL> --%## Define some procedures
SQL> --%```
SQL> 
SQL> --%### example_04
SQL> --%```
SQL> create or replace
  2  procedure example_04
  3  is
  4  	 token varchar(32);
  5  begin
  6  	 pllog.log('severe 1',1);
  7  	 pllog.log('warning 2',2);
  8  	 pllog.log('undefined 3',3);
  9  	 pllog.log('info 4',4);
 10  	 pllog.log('verbose 6',6);
 11  	 pllog.log('debug 7',7);
 12  	 pllog.log('trace 8',9);
 13  	 for lvl in 1 .. 9
 14  	 loop
 15  	     pllog.log('lvl is ' || lvl,lvl);
 16  	 end loop;
 17  end;
 18  --%```
 19  /

Procedure created.

SQL> 
SQL> --%### example_05
SQL> --%```
SQL> create or replace
  2  procedure example_job_05
  3  is
  4  	 lines number := 0;
  5  begin
  6  	 pllog.log('severe 1',1);
  7  	 pllog.log('warning 2',2);
  8  	 pllog.log('undefined 3',3);
  9  	 pllog.log('info 4',4);
 10  	 pllog.log('verbose 6',6);
 11  	 pllog.log('debug 7',7);
 12  	 pllog.log('trace 8',9);
 13  	 for lvl in 1 .. 9
 14  	 loop
 15  	     pllog.log('lvl is ' || lvl,lvl);
 16  	 end loop;
 17  	 for rec in select * from all_source
 18  	 loop
 19  	    lines := lines + 1;
 20  	 end loop;
 21  	 pllog.end_job;
 22  end;
 23  --%```
 24  /

Warning: Procedure created with compilation errors.

SQL> 
SQL> begin
  2    pllog.set_debug;
  3    pllog.log('no logfile specified');
  4  end;
  5  /
get_log_level() my_logger_name: "ANONYMOUS"                                     
get_log_level()  logger: "anonymous" was not found  level:  retval: 4           
4,"2020-05-16T15:45:49.217674000","no logfile specified","anonymous",3,,,""     
log(): 4,"2020-05-16T15:45:49.217674000","no logfile                            
specified","anonymous",3,,,""                                                   

PL/SQL procedure successfully completed.

SQL> 
SQL> --%# Example usage
SQL> --%
SQL> --%
SQL> --%* begin_log (logfile_name, p_log_level)
SQL> --%
SQL> --%  A logfile will be created in the *job_msg_dir* directory and
SQL> --%  unless other filters are applied messages of level 3 and lower
SQL> --%  will be written
SQL> --%
SQL> --%* set_caller_level(unit_name,level)
SQL> --%
SQL> --%  All messages for procedure *example_05* of with a level of 8
SQL> --%  or less will be written
SQL> --%```
SQL> declare
  2  	 token varchar(32);
  3  	 --logname varchar(32) := to_char(job_log_id_seq.nextval) || '.log';
  4  	 my_job_step_id number;
  5  begin
  6  	pllog.set_debug;
  7  	token := pllog.begin_job(p_process_name => 'example_job');
  8  	pllog.set_caller_level('example_05',8);
  9  	my_job_step_id := pllog.job_step_insert('example_01','no parms');
 10  	example_01;
 11  	pllog.job_step_finish(my_job_step_id);
 12  
 13  	my_job_step_id := pllog.job_step_insert(p_step_name => 'example_04',
 14  			     p_step_info => 'no parms');
 15  	example_04;
 16  	pllog.job_step_finish(my_job_step_id);
 17  
 18  	my_job_step_id := pllog.job_step_insert('example_05');
 19  	example_05;
 20  	pllog.job_step_finish(my_job_step_id);
 21  exception when others then
 22  	pllog.abort_job;
 23  end;
 24  --%```
 25  /
begin_job logfile_name "                                                        
begin_log() logfile_name "2020-05-16T15:45:49.223367000-581.log"                
get_log_level() my_logger_name: "EXAMPLE_01"                                    
get_log_level()  logger: "EXAMPLE_01" was not found  level:  retval: 4          
open_log_file() dir: "JOB_MSG_DIR" file: "2020-05-16T15:45:49.223367000-581.log"
log(): 1,"2020-05-16T15:45:49.312246000","severe","EXAMPLE_01",4,581,,""        
get_log_level() my_logger_name: "EXAMPLE_01"                                    
get_log_level()  logger: "EXAMPLE_01" was not found  level:  retval: 4          
open_log_file() dir: "JOB_MSG_DIR" file: "2020-05-16T15:45:49.223367000-581.log"
log(): 2,"2020-05-16T15:45:49.328589000","warning","EXAMPLE_01",5,581,,""       
get_log_level() my_logger_name: "EXAMPLE_01"                                    
get_log_level()  logger: "EXAMPLE_01" was not found  level:  retval: 4          
open_log_file() dir: "JOB_MSG_DIR" file: "2020-05-16T15:45:49.223367000-581.log"
log(): 3,"2020-05-16T15:45:49.330457000","undefined","EXAMPLE_01",6,581,,""     
get_log_level() my_logger_name: "EXAMPLE_01"                                    
get_log_level()  logger: "EXAMPLE_01" was not found  level:  retval: 4          
open_log_file() dir: "JOB_MSG_DIR" file: "2020-05-16T15:45:49.223367000-581.log"
log(): 4,"2020-05-16T15:45:49.332187000","info","EXAMPLE_01",7,581,,""          
get_log_level() my_logger_name: "EXAMPLE_01"                                    
get_log_level()  logger: "EXAMPLE_01" was not found  level:  retval: 4          
log()       caller: EXAMPLE_01 line: 8 my_logger_level: 4 p_log_level: 6        
get_log_level() my_logger_name: "EXAMPLE_01"                                    
get_log_level()  logger: "EXAMPLE_01" was not found  level:  retval: 4          
log()       caller: EXAMPLE_01 line: 9 my_logger_level: 4 p_log_level: 7        
get_log_level() my_logger_name: "EXAMPLE_01"                                    
get_log_level()  logger: "EXAMPLE_01" was not found  level:  retval: 4          
log()       caller: EXAMPLE_01 line: 10 my_logger_level: 4 p_log_level: 9       
get_log_level() my_logger_name: "EXAMPLE_04"                                    
get_log_level()  logger: "EXAMPLE_04" was not found  level:  retval: 4          
open_log_file() dir: "JOB_MSG_DIR" file: "2020-05-16T15:45:49.223367000-581.log"
log(): 1,"2020-05-16T15:45:49.340413000","severe 1","EXAMPLE_04",5,581,,""      
get_log_level() my_logger_name: "EXAMPLE_04"                                    
get_log_level()  logger: "EXAMPLE_04" was not found  level:  retval: 4          
open_log_file() dir: "JOB_MSG_DIR" file: "2020-05-16T15:45:49.223367000-581.log"
log(): 2,"2020-05-16T15:45:49.341999000","warning 2","EXAMPLE_04",6,581,,""     
get_log_level() my_logger_name: "EXAMPLE_04"                                    
get_log_level()  logger: "EXAMPLE_04" was not found  level:  retval: 4          
open_log_file() dir: "JOB_MSG_DIR" file: "2020-05-16T15:45:49.223367000-581.log"
log(): 3,"2020-05-16T15:45:49.343529000","undefined 3","EXAMPLE_04",7,581,,""   
get_log_level() my_logger_name: "EXAMPLE_04"                                    
get_log_level()  logger: "EXAMPLE_04" was not found  level:  retval: 4          
open_log_file() dir: "JOB_MSG_DIR" file: "2020-05-16T15:45:49.223367000-581.log"
log(): 4,"2020-05-16T15:45:49.345000000","info 4","EXAMPLE_04",8,581,,""        
get_log_level() my_logger_name: "EXAMPLE_04"                                    
get_log_level()  logger: "EXAMPLE_04" was not found  level:  retval: 4          
log()       caller: EXAMPLE_04 line: 9 my_logger_level: 4 p_log_level: 6        
get_log_level() my_logger_name: "EXAMPLE_04"                                    
get_log_level()  logger: "EXAMPLE_04" was not found  level:  retval: 4          
log()       caller: EXAMPLE_04 line: 10 my_logger_level: 4 p_log_level: 7       
get_log_level() my_logger_name: "EXAMPLE_04"                                    
get_log_level()  logger: "EXAMPLE_04" was not found  level:  retval: 4          
log()       caller: EXAMPLE_04 line: 11 my_logger_level: 4 p_log_level: 9       
get_log_level() my_logger_name: "EXAMPLE_04"                                    
get_log_level()  logger: "EXAMPLE_04" was not found  level:  retval: 4          
open_log_file() dir: "JOB_MSG_DIR" file: "2020-05-16T15:45:49.223367000-581.log"
log(): 1,"2020-05-16T15:45:49.350464000","lvl is 1","EXAMPLE_04",14,581,,""     
get_log_level() my_logger_name: "EXAMPLE_04"                                    
get_log_level()  logger: "EXAMPLE_04" was not found  level:  retval: 4          
open_log_file() dir: "JOB_MSG_DIR" file: "2020-05-16T15:45:49.223367000-581.log"
log(): 2,"2020-05-16T15:45:49.352039000","lvl is 2","EXAMPLE_04",14,581,,""     
get_log_level() my_logger_name: "EXAMPLE_04"                                    
get_log_level()  logger: "EXAMPLE_04" was not found  level:  retval: 4          
open_log_file() dir: "JOB_MSG_DIR" file: "2020-05-16T15:45:49.223367000-581.log"
log(): 3,"2020-05-16T15:45:49.353655000","lvl is 3","EXAMPLE_04",14,581,,""     
get_log_level() my_logger_name: "EXAMPLE_04"                                    
get_log_level()  logger: "EXAMPLE_04" was not found  level:  retval: 4          
open_log_file() dir: "JOB_MSG_DIR" file: "2020-05-16T15:45:49.223367000-581.log"
log(): 4,"2020-05-16T15:45:49.355217000","lvl is 4","EXAMPLE_04",14,581,,""     
get_log_level() my_logger_name: "EXAMPLE_04"                                    
get_log_level()  logger: "EXAMPLE_04" was not found  level:  retval: 4          
log()       caller: EXAMPLE_04 line: 14 my_logger_level: 4 p_log_level: 5       
get_log_level() my_logger_name: "EXAMPLE_04"                                    
get_log_level()  logger: "EXAMPLE_04" was not found  level:  retval: 4          
log()       caller: EXAMPLE_04 line: 14 my_logger_level: 4 p_log_level: 6       
get_log_level() my_logger_name: "EXAMPLE_04"                                    
get_log_level()  logger: "EXAMPLE_04" was not found  level:  retval: 4          
log()       caller: EXAMPLE_04 line: 14 my_logger_level: 4 p_log_level: 7       
get_log_level() my_logger_name: "EXAMPLE_04"                                    
get_log_level()  logger: "EXAMPLE_04" was not found  level:  retval: 4          
log()       caller: EXAMPLE_04 line: 14 my_logger_level: 4 p_log_level: 8       
get_log_level() my_logger_name: "EXAMPLE_04"                                    
get_log_level()  logger: "EXAMPLE_04" was not found  level:  retval: 4          
log()       caller: EXAMPLE_04 line: 14 my_logger_level: 4 p_log_level: 9       
get_log_level() my_logger_name: "EXAMPLE_05"                                    
get_log_level() my_dtl_log: "EXAMPLE_05"                                        
get_log_level()  logger: "EXAMPLE_05"  was  found  level: 8 retval: 8           
open_log_file() dir: "JOB_MSG_DIR" file: "2020-05-16T15:45:49.223367000-581.log"
log(): 1,"2020-05-16T15:45:49.362670000","severe 1","EXAMPLE_05",4,581,,""      
get_log_level() my_logger_name: "EXAMPLE_05"                                    
get_log_level() my_dtl_log: "EXAMPLE_05"                                        
get_log_level()  logger: "EXAMPLE_05"  was  found  level: 8 retval: 8           
open_log_file() dir: "JOB_MSG_DIR" file: "2020-05-16T15:45:49.223367000-581.log"
log(): 2,"2020-05-16T15:45:49.362792000","warning 2","EXAMPLE_05",5,581,,""     
get_log_level() my_logger_name: "EXAMPLE_05"                                    
get_log_level() my_dtl_log: "EXAMPLE_05"                                        
get_log_level()  logger: "EXAMPLE_05"  was  found  level: 8 retval: 8           
open_log_file() dir: "JOB_MSG_DIR" file: "2020-05-16T15:45:49.223367000-581.log"
log(): 3,"2020-05-16T15:45:49.362890000","undefined 3","EXAMPLE_05",6,581,,""   
get_log_level() my_logger_name: "EXAMPLE_05"                                    
get_log_level() my_dtl_log: "EXAMPLE_05"                                        
get_log_level()  logger: "EXAMPLE_05"  was  found  level: 8 retval: 8           
open_log_file() dir: "JOB_MSG_DIR" file: "2020-05-16T15:45:49.223367000-581.log"
log(): 4,"2020-05-16T15:45:49.362982000","info 4","EXAMPLE_05",7,581,,""        
get_log_level() my_logger_name: "EXAMPLE_05"                                    
get_log_level() my_dtl_log: "EXAMPLE_05"                                        
get_log_level()  logger: "EXAMPLE_05"  was  found  level: 8 retval: 8           
open_log_file() dir: "JOB_MSG_DIR" file: "2020-05-16T15:45:49.223367000-581.log"
log(): 6,"2020-05-16T15:45:49.363071000","verbose 6","EXAMPLE_05",8,581,,""     
get_log_level() my_logger_name: "EXAMPLE_05"                                    
get_log_level() my_dtl_log: "EXAMPLE_05"                                        
get_log_level()  logger: "EXAMPLE_05"  was  found  level: 8 retval: 8           
open_log_file() dir: "JOB_MSG_DIR" file: "2020-05-16T15:45:49.223367000-581.log"
log(): 7,"2020-05-16T15:45:49.363159000","debug 7","EXAMPLE_05",9,581,,""       
get_log_level() my_logger_name: "EXAMPLE_05"                                    
get_log_level() my_dtl_log: "EXAMPLE_05"                                        
get_log_level()  logger: "EXAMPLE_05"  was  found  level: 8 retval: 8           
log()       caller: EXAMPLE_05 line: 10 my_logger_level: 8 p_log_level: 9       
get_log_level() my_logger_name: "EXAMPLE_05"                                    
get_log_level() my_dtl_log: "EXAMPLE_05"                                        
get_log_level()  logger: "EXAMPLE_05"  was  found  level: 8 retval: 8           
open_log_file() dir: "JOB_MSG_DIR" file: "2020-05-16T15:45:49.223367000-581.log"
log(): 1,"2020-05-16T15:45:49.363269000","lvl is 1","EXAMPLE_05",13,581,,""     
get_log_level() my_logger_name: "EXAMPLE_05"                                    
get_log_level() my_dtl_log: "EXAMPLE_05"                                        
get_log_level()  logger: "EXAMPLE_05"  was  found  level: 8 retval: 8           
open_log_file() dir: "JOB_MSG_DIR" file: "2020-05-16T15:45:49.223367000-581.log"
log(): 2,"2020-05-16T15:45:49.363364000","lvl is 2","EXAMPLE_05",13,581,,""     
get_log_level() my_logger_name: "EXAMPLE_05"                                    
get_log_level() my_dtl_log: "EXAMPLE_05"                                        
get_log_level()  logger: "EXAMPLE_05"  was  found  level: 8 retval: 8           
open_log_file() dir: "JOB_MSG_DIR" file: "2020-05-16T15:45:49.223367000-581.log"
log(): 3,"2020-05-16T15:45:49.363452000","lvl is 3","EXAMPLE_05",13,581,,""     
get_log_level() my_logger_name: "EXAMPLE_05"                                    
get_log_level() my_dtl_log: "EXAMPLE_05"                                        
get_log_level()  logger: "EXAMPLE_05"  was  found  level: 8 retval: 8           
open_log_file() dir: "JOB_MSG_DIR" file: "2020-05-16T15:45:49.223367000-581.log"
log(): 4,"2020-05-16T15:45:49.363538000","lvl is 4","EXAMPLE_05",13,581,,""     
get_log_level() my_logger_name: "EXAMPLE_05"                                    
get_log_level() my_dtl_log: "EXAMPLE_05"                                        
get_log_level()  logger: "EXAMPLE_05"  was  found  level: 8 retval: 8           
open_log_file() dir: "JOB_MSG_DIR" file: "2020-05-16T15:45:49.223367000-581.log"
log(): 5,"2020-05-16T15:45:49.363624000","lvl is 5","EXAMPLE_05",13,581,,""     
get_log_level() my_logger_name: "EXAMPLE_05"                                    
get_log_level() my_dtl_log: "EXAMPLE_05"                                        
get_log_level()  logger: "EXAMPLE_05"  was  found  level: 8 retval: 8           
open_log_file() dir: "JOB_MSG_DIR" file: "2020-05-16T15:45:49.223367000-581.log"
log(): 6,"2020-05-16T15:45:49.363710000","lvl is 6","EXAMPLE_05",13,581,,""     
get_log_level() my_logger_name: "EXAMPLE_05"                                    
get_log_level() my_dtl_log: "EXAMPLE_05"                                        
get_log_level()  logger: "EXAMPLE_05"  was  found  level: 8 retval: 8           
open_log_file() dir: "JOB_MSG_DIR" file: "2020-05-16T15:45:49.223367000-581.log"
log(): 7,"2020-05-16T15:45:49.363798000","lvl is 7","EXAMPLE_05",13,581,,""     
get_log_level() my_logger_name: "EXAMPLE_05"                                    
get_log_level() my_dtl_log: "EXAMPLE_05"                                        
get_log_level()  logger: "EXAMPLE_05"  was  found  level: 8 retval: 8           
open_log_file() dir: "JOB_MSG_DIR" file: "2020-05-16T15:45:49.223367000-581.log"
log(): 8,"2020-05-16T15:45:49.363884000","lvl is 8","EXAMPLE_05",13,581,,""     
get_log_level() my_logger_name: "EXAMPLE_05"                                    
get_log_level() my_dtl_log: "EXAMPLE_05"                                        
get_log_level()  logger: "EXAMPLE_05"  was  found  level: 8 retval: 8           
log()       caller: EXAMPLE_05 line: 13 my_logger_level: 8 p_log_level: 9       

PL/SQL procedure successfully completed.

SQL> exit;
